<?xml version="1.0" encoding="UTF-8"?>
<!-- Generated by org.testng.reporters.JUnitReportReporter -->
<testsuite skipped="0" hostname="LP-5CD8120X1W" name="com.mycom.qa.testcases.TestCase" tests="1" failures="0" timestamp="21 Jun 2021 05:10:46 GMT" time="10.047" errors="0">
  <testcase name="testCase_01" time="10.047" classname="com.mycom.qa.testcases.TestCase"/>
</testsuite> <!-- com.mycom.qa.testcases.TestCase -->
