<?xml version="1.0" encoding="UTF-8"?>
<!-- Generated by org.testng.reporters.JUnitReportReporter -->
<testsuite skipped="0" hostname="LP-5CD8120X1W" name="com.qa.tests.CustomerPageTest" tests="2" failures="0" timestamp="22 Jun 2021 07:29:21 GMT" time="58.067" errors="0">
  <testcase name="verifyCustomerLoginTest" time="28.309" classname="com.qa.tests.CustomerPageTest"/>
  <testcase name="verifyLogoTest" time="29.758" classname="com.qa.tests.CustomerPageTest"/>
</testsuite> <!-- com.qa.tests.CustomerPageTest -->
