<?xml version="1.0" encoding="UTF-8"?>
<!-- Generated by org.testng.reporters.JUnitReportReporter -->
<testsuite skipped="0" hostname="LP-5CD8120X1W" name="com.qa.tests.EditAccountPageTest" tests="3" failures="0" timestamp="22 Jun 2021 07:29:21 GMT" time="73.632" errors="0">
  <testcase name="verifyEditAccountTest" time="20.534" classname="com.qa.tests.EditAccountPageTest"/>
  <testcase name="verifyLogoTest" time="31.129" classname="com.qa.tests.EditAccountPageTest"/>
  <testcase name="verifyEditPageTest" time="21.969" classname="com.qa.tests.EditAccountPageTest"/>
</testsuite> <!-- com.qa.tests.EditAccountPageTest -->
