<?xml version="1.0" encoding="UTF-8"?>
<!-- Generated by org.testng.reporters.JUnitReportReporter -->
<testsuite skipped="0" hostname="LP-5CD8120X1W" name="com.qa.tests.DepositPageTest" tests="2" failures="0" timestamp="22 Jun 2021 07:29:21 GMT" time="60.857" errors="0">
  <testcase name="verifyamountdepositTest" time="24.764" classname="com.qa.tests.DepositPageTest"/>
  <testcase name="verifylogoTest" time="36.093" classname="com.qa.tests.DepositPageTest"/>
</testsuite> <!-- com.qa.tests.DepositPageTest -->
