<?xml version="1.0" encoding="UTF-8"?>
<!-- Generated by org.testng.reporters.JUnitReportReporter -->
<testsuite skipped="0" hostname="LP-5CD8120X1W" name="com.qa.tests.EditCustomerPageTest" tests="2" failures="0" timestamp="22 Jun 2021 07:29:21 GMT" time="65.259" errors="0">
  <testcase name="verifyEditCustomerTest" time="19.171" classname="com.qa.tests.EditCustomerPageTest"/>
  <testcase name="verifyLogoTest" time="46.088" classname="com.qa.tests.EditCustomerPageTest"/>
</testsuite> <!-- com.qa.tests.EditCustomerPageTest -->
