<?xml version="1.0" encoding="UTF-8"?>
<!-- Generated by org.testng.reporters.JUnitReportReporter -->
<testsuite skipped="0" hostname="LP-5CD8120X1W" name="com.qa.tests.EditCustomerTest" tests="2" failures="0" timestamp="21 Jun 2021 11:11:19 GMT" time="23.933" errors="0">
  <testcase name="verifyEditCustomerTest" time="11.762" classname="com.qa.tests.EditCustomerTest"/>
  <testcase name="verifyLogoTest" time="12.171" classname="com.qa.tests.EditCustomerTest"/>
</testsuite> <!-- com.qa.tests.EditCustomerTest -->
