<?xml version="1.0" encoding="UTF-8"?>
<!-- Generated by org.testng.reporters.JUnitReportReporter -->
<testsuite skipped="0" hostname="LP-5CD8120X1W" name="com.qa.tests.DeleteAccountPageTest" tests="3" failures="0" timestamp="22 Jun 2021 07:29:21 GMT" time="149.285" errors="0">
  <testcase name="verifydeleteaccountTest" time="23.128" classname="com.qa.tests.DeleteAccountPageTest"/>
  <testcase name="verifyLoginTest" time="97.445" classname="com.qa.tests.DeleteAccountPageTest"/>
  <testcase name="verifyLogoTest" time="28.712" classname="com.qa.tests.DeleteAccountPageTest"/>
</testsuite> <!-- com.qa.tests.DeleteAccountPageTest -->
