<?xml version="1.0" encoding="UTF-8"?>
<!-- Generated by org.testng.reporters.JUnitReportReporter -->
<testsuite skipped="0" hostname="LP-5CD8120X1W" name="com.qa.tests.DeleteCustomerPageTest" tests="2" failures="0" timestamp="22 Jun 2021 07:29:21 GMT" time="64.855" errors="0">
  <testcase name="verifyDeleteCustomerTest" time="18.739" classname="com.qa.tests.DeleteCustomerPageTest"/>
  <testcase name="verifyLogoTest" time="46.116" classname="com.qa.tests.DeleteCustomerPageTest"/>
</testsuite> <!-- com.qa.tests.DeleteCustomerPageTest -->
