<?xml version="1.0" encoding="UTF-8"?>
<!-- Generated by org.testng.reporters.JUnitReportReporter -->
<testsuite skipped="0" hostname="LP-5CD8120X1W" name="com.qa.tests.AccountPageTest" tests="2" failures="0" timestamp="22 Jun 2021 07:29:21 GMT" time="65.412" errors="0">
  <testcase name="accountLoginTest" time="37.969" classname="com.qa.tests.AccountPageTest"/>
  <testcase name="verifylogoTest" time="27.443" classname="com.qa.tests.AccountPageTest"/>
</testsuite> <!-- com.qa.tests.AccountPageTest -->
