<?xml version="1.0" encoding="UTF-8"?>
<!-- Generated by org.testng.reporters.JUnitReportReporter -->
<testsuite skipped="0" hostname="LP-5CD8120X1W" name="com.qa.tests.HomePageTest" tests="2" failures="0" timestamp="22 Jun 2021 07:29:21 GMT" time="325.228" errors="0">
  <testcase name="verifyManagerTest" time="53.772" classname="com.qa.tests.HomePageTest"/>
  <testcase name="verifyTitleTest" time="271.456" classname="com.qa.tests.HomePageTest"/>
</testsuite> <!-- com.qa.tests.HomePageTest -->
