<?xml version="1.0" encoding="UTF-8"?>
<!-- Generated by org.testng.reporters.JUnitReportReporter -->
<testsuite skipped="0" hostname="LP-5CD8120X1W" name="com.qa.tests.LoginPageTest" tests="3" failures="0" timestamp="22 Jun 2021 07:29:21 GMT" time="139.374" errors="0">
  <testcase name="verifyLoginTest" time="39.346" classname="com.qa.tests.LoginPageTest"/>
  <testcase name="verifyLogoTest" time="82.227" classname="com.qa.tests.LoginPageTest"/>
  <testcase name="verifyTitleTest" time="17.801" classname="com.qa.tests.LoginPageTest"/>
</testsuite> <!-- com.qa.tests.LoginPageTest -->
