<?xml version="1.0" encoding="UTF-8"?>
<!-- Generated by org.testng.reporters.JUnitReportReporter -->
<testsuite skipped="0" hostname="LP-5CD8120X1W" name="com.mycom.qa.testcases.TestCase2" tests="4" failures="0" timestamp="21 Jun 2021 05:10:46 GMT" time="46.318" errors="0">
  <testcase name="testCase_01" time="9.441" classname="com.mycom.qa.testcases.TestCase2"/>
  <testcase name="testCase_04" time="11.962" classname="com.mycom.qa.testcases.TestCase2"/>
  <testcase name="testCase_02" time="11.806" classname="com.mycom.qa.testcases.TestCase2"/>
  <testcase name="testCase_03" time="13.109" classname="com.mycom.qa.testcases.TestCase2"/>
</testsuite> <!-- com.mycom.qa.testcases.TestCase2 -->
