<?xml version="1.0" encoding="UTF-8"?>
<!-- Generated by org.testng.reporters.JUnitReportReporter -->
<testsuite skipped="0" hostname="LP-5CD8120X1W" name="com.mycom.qa.testcases.TestCase2" tests="4" failures="0" timestamp="21 Jun 2021 05:09:05 GMT" time="44.943" errors="0">
  <testcase name="testCase_03" time="11.468" classname="com.mycom.qa.testcases.TestCase2"/>
  <testcase name="testCase_01" time="10.623" classname="com.mycom.qa.testcases.TestCase2"/>
  <testcase name="testCase_02" time="11.486" classname="com.mycom.qa.testcases.TestCase2"/>
  <testcase name="testCase_04" time="11.366" classname="com.mycom.qa.testcases.TestCase2"/>
</testsuite> <!-- com.mycom.qa.testcases.TestCase2 -->
