<?xml version="1.0" encoding="UTF-8"?>
<!-- Generated by org.testng.reporters.JUnitReportReporter -->
<testsuite skipped="0" hostname="LP-5CD8120X1W" name="com.mycom.qa.testcases.TestCase" tests="1" failures="0" timestamp="21 Jun 2021 04:32:37 GMT" time="12.992" errors="0">
  <testcase name="testCase_01" time="12.992" classname="com.mycom.qa.testcases.TestCase"/>
</testsuite> <!-- com.mycom.qa.testcases.TestCase -->
